<?xml version="1.0" encoding="UTF-8"?>
<testng-results skipped="0" failed="0" total="4" passed="4">
  <reporter-output>
  </reporter-output>
  <suite name="All Test Suite" duration-ms="49092" started-at="2023-08-14T16:11:25Z" finished-at="2023-08-14T16:12:14Z">
    <groups>
      <group name="cucumber">
        <method signature="AbstractTestNGCucumberTests.runScenario(io.cucumber.testng.PickleWrapper, io.cucumber.testng.FeatureWrapper)[pri:0, instance:org.example.Runner.ContactsTestRunner@13deb50e]" name="runScenario" class="io.cucumber.testng.AbstractTestNGCucumberTests"/>
        <method signature="AbstractTestNGCucumberTests.runScenario(io.cucumber.testng.PickleWrapper, io.cucumber.testng.FeatureWrapper)[pri:0, instance:org.example.Runner.DashboardTestRunner@239963d8]" name="runScenario" class="io.cucumber.testng.AbstractTestNGCucumberTests"/>
        <method signature="AbstractTestNGCucumberTests.runScenario(io.cucumber.testng.PickleWrapper, io.cucumber.testng.FeatureWrapper)[pri:0, instance:org.example.Runner.PreInvoiceTestRunner@f6c48ac]" name="runScenario" class="io.cucumber.testng.AbstractTestNGCucumberTests"/>
      </group>
    </groups>
    <test name="G:/Abul Hossain Chowdhury/Projects/Cucumber_For_AIR" duration-ms="49092" started-at="2023-08-14T16:11:25Z" finished-at="2023-08-14T16:12:14Z">
      <class name="org.example.Runner.DashboardTestRunner">
        <test-method status="PASS" signature="setUpClass(org.testng.ITestContext)[pri:0, instance:org.example.Runner.DashboardTestRunner@239963d8]" name="setUpClass" is-config="true" duration-ms="410" started-at="2023-08-14T16:11:25Z" finished-at="2023-08-14T16:11:26Z">
          <params>
            <param index="0">
              <value>
                <![CDATA[org.testng.TestRunner@4976085]]>
              </value>
            </param>
          </params>
        </test-method>
        <test-method status="PASS" signature="runScenario(io.cucumber.testng.PickleWrapper, io.cucumber.testng.FeatureWrapper)[pri:0, instance:org.example.Runner.DashboardTestRunner@239963d8]" name="runScenario" duration-ms="8251" started-at="2023-08-14T16:11:26Z" description="Runs Cucumber Scenarios" finished-at="2023-08-14T16:11:34Z">
          <params>
            <param index="0">
              <value>
                <![CDATA["Load dashboard for AIR"]]>
              </value>
            </param>
            <param index="1">
              <value>
                <![CDATA["Dashboard Test"]]>
              </value>
            </param>
          </params>
        </test-method>
        <test-method status="PASS" signature="tearDownClass()[pri:0, instance:org.example.Runner.DashboardTestRunner@239963d8]" name="tearDownClass" is-config="true" duration-ms="2810" started-at="2023-08-14T16:11:34Z" finished-at="2023-08-14T16:11:37Z">
        </test-method>
      </class>
      <class name="org.example.Runner.ContactsTestRunner">
        <test-method status="PASS" signature="setUpClass(org.testng.ITestContext)[pri:0, instance:org.example.Runner.ContactsTestRunner@13deb50e]" name="setUpClass" is-config="true" duration-ms="12" started-at="2023-08-14T16:11:37Z" finished-at="2023-08-14T16:11:37Z">
          <params>
            <param index="0">
              <value>
                <![CDATA[org.testng.TestRunner@4976085]]>
              </value>
            </param>
          </params>
        </test-method>
        <test-method status="PASS" signature="runScenario(io.cucumber.testng.PickleWrapper, io.cucumber.testng.FeatureWrapper)[pri:0, instance:org.example.Runner.ContactsTestRunner@13deb50e]" name="runScenario" duration-ms="7138" started-at="2023-08-14T16:11:37Z" description="Runs Cucumber Scenarios" finished-at="2023-08-14T16:11:44Z">
          <params>
            <param index="0">
              <value>
                <![CDATA["Load Contacts for AIR"]]>
              </value>
            </param>
            <param index="1">
              <value>
                <![CDATA["Contacts Test"]]>
              </value>
            </param>
          </params>
        </test-method>
        <test-method status="PASS" signature="tearDownClass()[pri:0, instance:org.example.Runner.ContactsTestRunner@13deb50e]" name="tearDownClass" is-config="true" duration-ms="2712" started-at="2023-08-14T16:11:44Z" finished-at="2023-08-14T16:11:47Z">
        </test-method>
      </class>
      <class name="org.example.Runner.PreInvoiceTestRunner">
        <test-method status="PASS" signature="setUpClass(org.testng.ITestContext)[pri:0, instance:org.example.Runner.PreInvoiceTestRunner@f6c48ac]" name="setUpClass" is-config="true" duration-ms="14" started-at="2023-08-14T16:11:47Z" finished-at="2023-08-14T16:11:47Z">
          <params>
            <param index="0">
              <value>
                <![CDATA[org.testng.TestRunner@4976085]]>
              </value>
            </param>
          </params>
        </test-method>
        <test-method status="PASS" signature="runScenario(io.cucumber.testng.PickleWrapper, io.cucumber.testng.FeatureWrapper)[pri:0, instance:org.example.Runner.PreInvoiceTestRunner@f6c48ac]" name="runScenario" duration-ms="11797" started-at="2023-08-14T16:11:47Z" description="Runs Cucumber Scenarios" finished-at="2023-08-14T16:11:58Z">
          <params>
            <param index="0">
              <value>
                <![CDATA["Search a PreInvoice for AIR"]]>
              </value>
            </param>
            <param index="1">
              <value>
                <![CDATA["PreInvoice Test"]]>
              </value>
            </param>
          </params>
        </test-method>
        <test-method status="PASS" signature="runScenario(io.cucumber.testng.PickleWrapper, io.cucumber.testng.FeatureWrapper)[pri:0, instance:org.example.Runner.PreInvoiceTestRunner@f6c48ac]" name="runScenario" duration-ms="12861" started-at="2023-08-14T16:11:58Z" description="Runs Cucumber Scenarios" finished-at="2023-08-14T16:12:11Z">
          <params>
            <param index="0">
              <value>
                <![CDATA["Create a new preInvoice"]]>
              </value>
            </param>
            <param index="1">
              <value>
                <![CDATA["PreInvoice Test"]]>
              </value>
            </param>
          </params>
        </test-method>
        <test-method status="PASS" signature="tearDownClass()[pri:0, instance:org.example.Runner.PreInvoiceTestRunner@f6c48ac]" name="tearDownClass" is-config="true" duration-ms="3073" started-at="2023-08-14T16:12:11Z" finished-at="2023-08-14T16:12:14Z">
        </test-method>
      </class>
    </test>
  </suite>
</testng-results>
