<?xml version="1.0" encoding="UTF-8"?>
<testsuite xmlns:xsi="http://www.w3.org/2001/XMLSchema-instance" xsi:noNamespaceSchemaLocation="https://maven.apache.org/surefire/maven-surefire-plugin/xsd/surefire-test-report-3.0.xsd" version="3.0" name="TestSuite" time="235.869" tests="16" errors="0" skipped="0" failures="0">
  <properties>
[...]
</properties>
  <testcase name="runScenario[&quot;Load dashboard for AIR&quot;, &quot;Dashboard Test&quot;](1)" classname="org.example.Runner.DashboardTestRunner" time="13.086">
    <system-out><![CDATA[
Scenario: Load dashboard for AIR      &amp#27;[90m# src/test/resources/Features/Dashboard.feature:3&amp#27;[0m
  &amp#27;[32mGiven &amp#27;[0m&amp#27;[32mlogin for accessing dashboard&amp#27;[0m &amp#27;[90m# org.example.StepDefinitions.Dashboard.dashboard()&amp#27;[0m
  &amp#27;[32mWhen &amp#27;[0m&amp#27;[32mclick the Dashboard&amp#27;[0m            &amp#27;[90m# org.example.StepDefinitions.Dashboard.clickDashboard()&amp#27;[0m
  &amp#27;[32mThen &amp#27;[0m&amp#27;[32mClose Driver for dashboard&amp#27;[0m     &amp#27;[90m# org.example.StepDefinitions.Dashboard.closeDriver()&amp#27;[0m
]]></system-out>
    <system-err><![CDATA[Starting ChromeDriver 116.0.5845.96 (1a391816688002153ef791ffe60d9e899a71a037-refs/branch-heads/5845@{#1382}) on port 28431
Only local connections are allowed.
Please see https://chromedriver.chromium.org/security-considerations for suggestions on keeping ChromeDriver safe.
ChromeDriver was started successfully.
Aug 21, 2023 4:05:06 PM org.openqa.selenium.remote.ProtocolHandshake createSession
INFO: Detected dialect: W3C
]]></system-err>
  </testcase>
  <testcase name="runScenario[&quot;Load Contacts for AIR&quot;, &quot;Contacts Test&quot;](1)" classname="org.example.Runner.ContactsTestRunner" time="7.438">
    <system-out><![CDATA[
Scenario: Load Contacts for AIR      &amp#27;[90m# src/test/resources/Features/Contacts.feature:3&amp#27;[0m
  &amp#27;[32mGiven &amp#27;[0m&amp#27;[32mlogin for accessing Contacts&amp#27;[0m &amp#27;[90m# org.example.StepDefinitions.Contacts.contacts()&amp#27;[0m
  &amp#27;[32mWhen &amp#27;[0m&amp#27;[32msearch for employee&amp#27;[0m           &amp#27;[90m# org.example.StepDefinitions.Contacts.search_for_employee()&amp#27;[0m
  &amp#27;[32mThen &amp#27;[0m&amp#27;[32mclose Contacts&amp#27;[0m                &amp#27;[90m# org.example.StepDefinitions.Contacts.close()&amp#27;[0m
]]></system-out>
    <system-err><![CDATA[&amp#27;[32m&amp#27;[1m┌──────────────────────────────────────────────────────────────────────────┐&amp#27;[0m
&amp#27;[32m&amp#27;[1m│&amp#27;[0m View your Cucumber Report at:                                            &amp#27;[32m&amp#27;[1m│&amp#27;[0m
&amp#27;[32m&amp#27;[1m│&amp#27;[0m &amp#27;[1m&amp#27;[36m&amp#27;[4mhttps://reports.cucumber.io/reports/8b962569-550f-4e88-bbae-bf7596555d3b&amp#27;[0m &amp#27;[32m&amp#27;[1m│&amp#27;[0m
&amp#27;[32m&amp#27;[1m│&amp#27;[0m                                                                          &amp#27;[32m&amp#27;[1m│&amp#27;[0m
&amp#27;[32m&amp#27;[1m│&amp#27;[0m &amp#27;[1mThis report will self-destruct in 24h.&amp#27;[0m                                   &amp#27;[32m&amp#27;[1m│&amp#27;[0m
&amp#27;[32m&amp#27;[1m│&amp#27;[0m Keep reports forever: &amp#27;[4m&amp#27;[1m&amp#27;[36mhttps://reports.cucumber.io/profile&amp#27;[0m                &amp#27;[32m&amp#27;[1m│&amp#27;[0m
&amp#27;[32m&amp#27;[1m└──────────────────────────────────────────────────────────────────────────┘&amp#27;[0mStarting ChromeDriver 116.0.5845.96 (1a391816688002153ef791ffe60d9e899a71a037-refs/branch-heads/5845@{#1382}) on port 20134
Only local connections are allowed.
Please see https://chromedriver.chromium.org/security-considerations for suggestions on keeping ChromeDriver safe.
ChromeDriver was started successfully.
Aug 21, 2023 4:05:22 PM org.openqa.selenium.remote.ProtocolHandshake createSession
INFO: Detected dialect: W3C
]]></system-err>
  </testcase>
  <testcase name="runScenario[&quot;Search a PreInvoice for AIR&quot;, &quot;PreInvoice Test&quot;](1)" classname="org.example.Runner.PreInvoiceTestRunner" time="11.985">
    <system-out><![CDATA[
Scenario: Search a PreInvoice for AIR &amp#27;[90m# src/test/resources/Features/PreInvoice.feature:4&amp#27;[0m
  &amp#27;[32mGiven &amp#27;[0m&amp#27;[32mLogin to Search PreInvoice&amp#27;[0m    &amp#27;[90m# org.example.StepDefinitions.PreInvoice.login_for_accessing_pre_invoice()&amp#27;[0m
  &amp#27;[32mWhen &amp#27;[0m&amp#27;[32msearch for preInvoice&amp#27;[0m          &amp#27;[90m# org.example.StepDefinitions.PreInvoice.search_for_pre_invoice()&amp#27;[0m
  &amp#27;[32mAnd &amp#27;[0m&amp#27;[32mdescription of a preinvoice&amp#27;[0m     &amp#27;[90m# org.example.StepDefinitions.PreInvoice.description_of_a_preinvoice()&amp#27;[0m
  &amp#27;[32mThen &amp#27;[0m&amp#27;[32mclose PreInvoice for search&amp#27;[0m    &amp#27;[90m# org.example.StepDefinitions.PreInvoice.closePreInvoice()&amp#27;[0m
]]></system-out>
    <system-err><![CDATA[&amp#27;[32m&amp#27;[1m┌──────────────────────────────────────────────────────────────────────────┐&amp#27;[0m
&amp#27;[32m&amp#27;[1m│&amp#27;[0m View your Cucumber Report at:                                            &amp#27;[32m&amp#27;[1m│&amp#27;[0m
&amp#27;[32m&amp#27;[1m│&amp#27;[0m &amp#27;[1m&amp#27;[36m&amp#27;[4mhttps://reports.cucumber.io/reports/94260067-fb8d-453c-b7e2-10076b9d727f&amp#27;[0m &amp#27;[32m&amp#27;[1m│&amp#27;[0m
&amp#27;[32m&amp#27;[1m│&amp#27;[0m                                                                          &amp#27;[32m&amp#27;[1m│&amp#27;[0m
&amp#27;[32m&amp#27;[1m│&amp#27;[0m &amp#27;[1mThis report will self-destruct in 24h.&amp#27;[0m                                   &amp#27;[32m&amp#27;[1m│&amp#27;[0m
&amp#27;[32m&amp#27;[1m│&amp#27;[0m Keep reports forever: &amp#27;[4m&amp#27;[1m&amp#27;[36mhttps://reports.cucumber.io/profile&amp#27;[0m                &amp#27;[32m&amp#27;[1m│&amp#27;[0m
&amp#27;[32m&amp#27;[1m└──────────────────────────────────────────────────────────────────────────┘&amp#27;[0mStarting ChromeDriver 116.0.5845.96 (1a391816688002153ef791ffe60d9e899a71a037-refs/branch-heads/5845@{#1382}) on port 21765
Only local connections are allowed.
Please see https://chromedriver.chromium.org/security-considerations for suggestions on keeping ChromeDriver safe.
ChromeDriver was started successfully.
Aug 21, 2023 4:05:32 PM org.openqa.selenium.remote.ProtocolHandshake createSession
INFO: Detected dialect: W3C
]]></system-err>
  </testcase>
  <testcase name="runScenario[&quot;Create a new preInvoice&quot;, &quot;PreInvoice Test&quot;](2)" classname="org.example.Runner.PreInvoiceTestRunner" time="13.916">
    <system-out><![CDATA[
Scenario: Create a new preInvoice         &amp#27;[90m# src/test/resources/Features/PreInvoice.feature:10&amp#27;[0m
  &amp#27;[32mGiven &amp#27;[0m&amp#27;[32mlogin for creating new preInvoice&amp#27;[0m &amp#27;[90m# org.example.StepDefinitions.PreInvoice.login_for_creating_new_pre_invoice()&amp#27;[0m
  &amp#27;[32mAnd &amp#27;[0m&amp#27;[32mcreate new preInvoice&amp#27;[0m               &amp#27;[90m# org.example.StepDefinitions.PreInvoice.create_new_pre_invoice()&amp#27;[0m
  &amp#27;[32mThen &amp#27;[0m&amp#27;[32mclose the PreInvoice window&amp#27;[0m        &amp#27;[90m# org.example.StepDefinitions.PreInvoice.close_the_pre_invoice_window()&amp#27;[0m
]]></system-out>
    <system-err><![CDATA[Starting ChromeDriver 116.0.5845.96 (1a391816688002153ef791ffe60d9e899a71a037-refs/branch-heads/5845@{#1382}) on port 10043
Only local connections are allowed.
Please see https://chromedriver.chromium.org/security-considerations for suggestions on keeping ChromeDriver safe.
ChromeDriver was started successfully.
Aug 21, 2023 4:05:44 PM org.openqa.selenium.remote.ProtocolHandshake createSession
INFO: Detected dialect: W3C
]]></system-err>
  </testcase>
  <testcase name="runScenario[&quot;Search a Previous Pending Delivery for AIR&quot;, &quot;Previous Pending Delivery Test&quot;](1)" classname="org.example.Runner.PreviousPendingDeliveryTestRunner" time="16.844">
    <system-out><![CDATA[
Scenario: Search a Previous Pending Delivery for AIR &amp#27;[90m# src/test/resources/Features/PreviousPendingDelivery.feature:4&amp#27;[0m
  &amp#27;[32mGiven &amp#27;[0m&amp#27;[32mLogin to Search Previous Pending Delivery&amp#27;[0m    &amp#27;[90m# org.example.StepDefinitions.PreviousPendingDelivery.login_to_search_previous_pending_delivery()&amp#27;[0m
  &amp#27;[32mWhen &amp#27;[0m&amp#27;[32msearch for Previous Pending Delivery&amp#27;[0m          &amp#27;[90m# org.example.StepDefinitions.PreviousPendingDelivery.search_for_previous_pending_delivery()&amp#27;[0m
  &amp#27;[32mAnd &amp#27;[0m&amp#27;[32mdescription of a Previous Pending Delivery&amp#27;[0m     &amp#27;[90m# org.example.StepDefinitions.PreviousPendingDelivery.description_of_a_previous_pending_delivery()&amp#27;[0m
  &amp#27;[32mThen &amp#27;[0m&amp#27;[32mclose Previous Pending Delivery for search&amp#27;[0m    &amp#27;[90m# org.example.StepDefinitions.PreviousPendingDelivery.close_previous_pending_delivery_for_search()&amp#27;[0m
]]></system-out>
    <system-err><![CDATA[&amp#27;[32m&amp#27;[1m┌──────────────────────────────────────────────────────────────────────────┐&amp#27;[0m
&amp#27;[32m&amp#27;[1m│&amp#27;[0m View your Cucumber Report at:                                            &amp#27;[32m&amp#27;[1m│&amp#27;[0m
&amp#27;[32m&amp#27;[1m│&amp#27;[0m &amp#27;[1m&amp#27;[36m&amp#27;[4mhttps://reports.cucumber.io/reports/46ad872a-2ed3-479e-9f13-4c19bd464355&amp#27;[0m &amp#27;[32m&amp#27;[1m│&amp#27;[0m
&amp#27;[32m&amp#27;[1m│&amp#27;[0m                                                                          &amp#27;[32m&amp#27;[1m│&amp#27;[0m
&amp#27;[32m&amp#27;[1m│&amp#27;[0m &amp#27;[1mThis report will self-destruct in 24h.&amp#27;[0m                                   &amp#27;[32m&amp#27;[1m│&amp#27;[0m
&amp#27;[32m&amp#27;[1m│&amp#27;[0m Keep reports forever: &amp#27;[4m&amp#27;[1m&amp#27;[36mhttps://reports.cucumber.io/profile&amp#27;[0m                &amp#27;[32m&amp#27;[1m│&amp#27;[0m
&amp#27;[32m&amp#27;[1m└──────────────────────────────────────────────────────────────────────────┘&amp#27;[0mStarting ChromeDriver 116.0.5845.96 (1a391816688002153ef791ffe60d9e899a71a037-refs/branch-heads/5845@{#1382}) on port 32509
Only local connections are allowed.
Please see https://chromedriver.chromium.org/security-considerations for suggestions on keeping ChromeDriver safe.
ChromeDriver was started successfully.
Aug 21, 2023 4:06:01 PM org.openqa.selenium.remote.ProtocolHandshake createSession
INFO: Detected dialect: W3C
]]></system-err>
  </testcase>
  <testcase name="runScenario[&quot;Create a new Previous Pending Delivery&quot;, &quot;Previous Pending Delivery Test&quot;](2)" classname="org.example.Runner.PreviousPendingDeliveryTestRunner" time="20.263">
    <system-out><![CDATA[
Scenario: Create a new Previous Pending Delivery         &amp#27;[90m# src/test/resources/Features/PreviousPendingDelivery.feature:10&amp#27;[0m
  &amp#27;[32mGiven &amp#27;[0m&amp#27;[32mlogin for creating new Previous Pending Delivery&amp#27;[0m &amp#27;[90m# org.example.StepDefinitions.PreviousPendingDelivery.login_for_creating_new_previous_pending_delivery()&amp#27;[0m
  &amp#27;[32mAnd &amp#27;[0m&amp#27;[32mcreate new Previous Pending Delivery&amp#27;[0m               &amp#27;[90m# org.example.StepDefinitions.PreviousPendingDelivery.create_new_previous_pending_delivery()&amp#27;[0m
  &amp#27;[32mThen &amp#27;[0m&amp#27;[32mclose the Previous Pending Delivery window&amp#27;[0m        &amp#27;[90m# org.example.StepDefinitions.PreviousPendingDelivery.close_the_previous_pending_delivery_window()&amp#27;[0m
]]></system-out>
    <system-err><![CDATA[Starting ChromeDriver 116.0.5845.96 (1a391816688002153ef791ffe60d9e899a71a037-refs/branch-heads/5845@{#1382}) on port 15419
Only local connections are allowed.
Please see https://chromedriver.chromium.org/security-considerations for suggestions on keeping ChromeDriver safe.
ChromeDriver was started successfully.
Aug 21, 2023 4:06:18 PM org.openqa.selenium.remote.ProtocolHandshake createSession
INFO: Detected dialect: W3C
]]></system-err>
  </testcase>
  <testcase name="runScenario[&quot;Search an Order for AIR&quot;, &quot;Order Test&quot;](1)" classname="org.example.Runner.OrderTestRunner" time="12.277">
    <system-out><![CDATA[
Scenario: Search an Order for AIR &amp#27;[90m# src/test/resources/Features/Order.feature:4&amp#27;[0m
  &amp#27;[32mGiven &amp#27;[0m&amp#27;[32mLogin to Search Order&amp#27;[0m     &amp#27;[90m# org.example.StepDefinitions.Order.login_to_search_order()&amp#27;[0m
  &amp#27;[32mWhen &amp#27;[0m&amp#27;[32msearch for Order&amp#27;[0m           &amp#27;[90m# org.example.StepDefinitions.Order.search_for_order()&amp#27;[0m
  &amp#27;[32mAnd &amp#27;[0m&amp#27;[32mdescription of a Order&amp#27;[0m      &amp#27;[90m# org.example.StepDefinitions.Order.description_of_a_order()&amp#27;[0m
  &amp#27;[32mThen &amp#27;[0m&amp#27;[32mclose Order for search&amp#27;[0m     &amp#27;[90m# org.example.StepDefinitions.Order.close_order_for_search()&amp#27;[0m
]]></system-out>
    <system-err><![CDATA[&amp#27;[32m&amp#27;[1m┌──────────────────────────────────────────────────────────────────────────┐&amp#27;[0m
&amp#27;[32m&amp#27;[1m│&amp#27;[0m View your Cucumber Report at:                                            &amp#27;[32m&amp#27;[1m│&amp#27;[0m
&amp#27;[32m&amp#27;[1m│&amp#27;[0m &amp#27;[1m&amp#27;[36m&amp#27;[4mhttps://reports.cucumber.io/reports/20d93193-e248-4439-845a-2449903da5c0&amp#27;[0m &amp#27;[32m&amp#27;[1m│&amp#27;[0m
&amp#27;[32m&amp#27;[1m│&amp#27;[0m                                                                          &amp#27;[32m&amp#27;[1m│&amp#27;[0m
&amp#27;[32m&amp#27;[1m│&amp#27;[0m &amp#27;[1mThis report will self-destruct in 24h.&amp#27;[0m                                   &amp#27;[32m&amp#27;[1m│&amp#27;[0m
&amp#27;[32m&amp#27;[1m│&amp#27;[0m Keep reports forever: &amp#27;[4m&amp#27;[1m&amp#27;[36mhttps://reports.cucumber.io/profile&amp#27;[0m                &amp#27;[32m&amp#27;[1m│&amp#27;[0m
&amp#27;[32m&amp#27;[1m└──────────────────────────────────────────────────────────────────────────┘&amp#27;[0mStarting ChromeDriver 116.0.5845.96 (1a391816688002153ef791ffe60d9e899a71a037-refs/branch-heads/5845@{#1382}) on port 8036
Only local connections are allowed.
Please see https://chromedriver.chromium.org/security-considerations for suggestions on keeping ChromeDriver safe.
ChromeDriver was started successfully.
Aug 21, 2023 4:06:41 PM org.openqa.selenium.remote.ProtocolHandshake createSession
INFO: Detected dialect: W3C
]]></system-err>
  </testcase>
  <testcase name="runScenario[&quot;Create a new Order&quot;, &quot;Order Test&quot;](2)" classname="org.example.Runner.OrderTestRunner" time="11.908">
    <system-out><![CDATA[
Scenario: Create a new Order         &amp#27;[90m# src/test/resources/Features/Order.feature:10&amp#27;[0m
  &amp#27;[32mGiven &amp#27;[0m&amp#27;[32mlogin for creating new Order&amp#27;[0m &amp#27;[90m# org.example.StepDefinitions.Order.login_for_creating_new_order()&amp#27;[0m
  &amp#27;[32mAnd &amp#27;[0m&amp#27;[32mcreate new Order&amp#27;[0m               &amp#27;[90m# org.example.StepDefinitions.Order.create_new_order()&amp#27;[0m
  &amp#27;[32mThen &amp#27;[0m&amp#27;[32mclose the Order window&amp#27;[0m        &amp#27;[90m# org.example.StepDefinitions.Order.close_the_order_window()&amp#27;[0m
]]></system-out>
    <system-err><![CDATA[Starting ChromeDriver 116.0.5845.96 (1a391816688002153ef791ffe60d9e899a71a037-refs/branch-heads/5845@{#1382}) on port 2482
Only local connections are allowed.
Please see https://chromedriver.chromium.org/security-considerations for suggestions on keeping ChromeDriver safe.
ChromeDriver was started successfully.
Aug 21, 2023 4:06:54 PM org.openqa.selenium.remote.ProtocolHandshake createSession
INFO: Detected dialect: W3C
]]></system-err>
  </testcase>
  <testcase name="runScenario[&quot;Search an CancelOrder for AIR&quot;, &quot;CancelOrder Test&quot;](1)" classname="org.example.Runner.CancelOrderTestRunner" time="10.919">
    <system-out><![CDATA[
Scenario: Search an CancelOrder for AIR &amp#27;[90m# src/test/resources/Features/CancelOrder.feature:4&amp#27;[0m
  &amp#27;[32mGiven &amp#27;[0m&amp#27;[32mLogin to Search CancelOrder&amp#27;[0m     &amp#27;[90m# org.example.StepDefinitions.CancelOrder.login_to_search_cancel_order()&amp#27;[0m
  &amp#27;[32mWhen &amp#27;[0m&amp#27;[32msearch for CancelOrder&amp#27;[0m           &amp#27;[90m# org.example.StepDefinitions.CancelOrder.search_for_cancel_order()&amp#27;[0m
  &amp#27;[32mAnd &amp#27;[0m&amp#27;[32mdescription of a cancelled Order&amp#27;[0m  &amp#27;[90m# org.example.StepDefinitions.CancelOrder.description_of_a_order_to_cancel()&amp#27;[0m
  &amp#27;[32mThen &amp#27;[0m&amp#27;[32mclose CancelOrder for search&amp#27;[0m     &amp#27;[90m# org.example.StepDefinitions.CancelOrder.close_cancel_order_for_search()&amp#27;[0m
]]></system-out>
    <system-err><![CDATA[&amp#27;[32m&amp#27;[1m┌──────────────────────────────────────────────────────────────────────────┐&amp#27;[0m
&amp#27;[32m&amp#27;[1m│&amp#27;[0m View your Cucumber Report at:                                            &amp#27;[32m&amp#27;[1m│&amp#27;[0m
&amp#27;[32m&amp#27;[1m│&amp#27;[0m &amp#27;[1m&amp#27;[36m&amp#27;[4mhttps://reports.cucumber.io/reports/86f71636-a16f-41c9-a710-3f1b318187aa&amp#27;[0m &amp#27;[32m&amp#27;[1m│&amp#27;[0m
&amp#27;[32m&amp#27;[1m│&amp#27;[0m                                                                          &amp#27;[32m&amp#27;[1m│&amp#27;[0m
&amp#27;[32m&amp#27;[1m│&amp#27;[0m &amp#27;[1mThis report will self-destruct in 24h.&amp#27;[0m                                   &amp#27;[32m&amp#27;[1m│&amp#27;[0m
&amp#27;[32m&amp#27;[1m│&amp#27;[0m Keep reports forever: &amp#27;[4m&amp#27;[1m&amp#27;[36mhttps://reports.cucumber.io/profile&amp#27;[0m                &amp#27;[32m&amp#27;[1m│&amp#27;[0m
&amp#27;[32m&amp#27;[1m└──────────────────────────────────────────────────────────────────────────┘&amp#27;[0mStarting ChromeDriver 116.0.5845.96 (1a391816688002153ef791ffe60d9e899a71a037-refs/branch-heads/5845@{#1382}) on port 14387
Only local connections are allowed.
Please see https://chromedriver.chromium.org/security-considerations for suggestions on keeping ChromeDriver safe.
ChromeDriver was started successfully.
Aug 21, 2023 4:07:10 PM org.openqa.selenium.remote.ProtocolHandshake createSession
INFO: Detected dialect: W3C
]]></system-err>
  </testcase>
  <testcase name="runScenario[&quot;Create a new cancelled Order&quot;, &quot;CancelOrder Test&quot;](2)" classname="org.example.Runner.CancelOrderTestRunner" time="13.15">
    <system-out><![CDATA[
Scenario: Create a new cancelled Order &amp#27;[90m# src/test/resources/Features/CancelOrder.feature:10&amp#27;[0m
  &amp#27;[32mGiven &amp#27;[0m&amp#27;[32mlogin for Cancelling a Order&amp#27;[0m   &amp#27;[90m# org.example.StepDefinitions.CancelOrder.login_for_creating_new_order_to_cancel()&amp#27;[0m
  &amp#27;[32mAnd &amp#27;[0m&amp#27;[32mcreate new Cancel Order&amp#27;[0m          &amp#27;[90m# org.example.StepDefinitions.CancelOrder.create_new_order_to_cancel()&amp#27;[0m
  &amp#27;[32mThen &amp#27;[0m&amp#27;[32mclose the CancelOrder window&amp#27;[0m    &amp#27;[90m# org.example.StepDefinitions.CancelOrder.close_the_cancel_order_window()&amp#27;[0m
]]></system-out>
    <system-err><![CDATA[Starting ChromeDriver 116.0.5845.96 (1a391816688002153ef791ffe60d9e899a71a037-refs/branch-heads/5845@{#1382}) on port 22057
Only local connections are allowed.
Please see https://chromedriver.chromium.org/security-considerations for suggestions on keeping ChromeDriver safe.
ChromeDriver was started successfully.
Aug 21, 2023 4:07:20 PM org.openqa.selenium.remote.ProtocolHandshake createSession
INFO: Detected dialect: W3C
]]></system-err>
  </testcase>
  <testcase name="runScenario[&quot;Search an Invoice for AIR&quot;, &quot;Invoice Test&quot;](1)" classname="org.example.Runner.DistributorInvoicesTestRunner" time="11.111">
    <system-out><![CDATA[
Scenario: Search an Invoice for AIR &amp#27;[90m# src/test/resources/Features/DistributorInvoices.feature:4&amp#27;[0m
  &amp#27;[32mGiven &amp#27;[0m&amp#27;[32mLogin to Search Invoice&amp#27;[0m     &amp#27;[90m# org.example.StepDefinitions.DistributorInvoices.login_to_search_invoice()&amp#27;[0m
  &amp#27;[32mWhen &amp#27;[0m&amp#27;[32msearch for Invoice&amp#27;[0m           &amp#27;[90m# org.example.StepDefinitions.DistributorInvoices.search_for_invoice()&amp#27;[0m
  &amp#27;[32mAnd &amp#27;[0m&amp#27;[32mdescription of an Invoice&amp#27;[0m     &amp#27;[90m# org.example.StepDefinitions.DistributorInvoices.description_of_an_invoice()&amp#27;[0m
  &amp#27;[32mThen &amp#27;[0m&amp#27;[32mclose Invoice for search&amp#27;[0m     &amp#27;[90m# org.example.StepDefinitions.DistributorInvoices.close_invoice_for_search()&amp#27;[0m
]]></system-out>
    <system-err><![CDATA[&amp#27;[32m&amp#27;[1m┌──────────────────────────────────────────────────────────────────────────┐&amp#27;[0m
&amp#27;[32m&amp#27;[1m│&amp#27;[0m View your Cucumber Report at:                                            &amp#27;[32m&amp#27;[1m│&amp#27;[0m
&amp#27;[32m&amp#27;[1m│&amp#27;[0m &amp#27;[1m&amp#27;[36m&amp#27;[4mhttps://reports.cucumber.io/reports/0bb07727-a4c5-49af-a7c9-101fe99102a9&amp#27;[0m &amp#27;[32m&amp#27;[1m│&amp#27;[0m
&amp#27;[32m&amp#27;[1m│&amp#27;[0m                                                                          &amp#27;[32m&amp#27;[1m│&amp#27;[0m
&amp#27;[32m&amp#27;[1m│&amp#27;[0m &amp#27;[1mThis report will self-destruct in 24h.&amp#27;[0m                                   &amp#27;[32m&amp#27;[1m│&amp#27;[0m
&amp#27;[32m&amp#27;[1m│&amp#27;[0m Keep reports forever: &amp#27;[4m&amp#27;[1m&amp#27;[36mhttps://reports.cucumber.io/profile&amp#27;[0m                &amp#27;[32m&amp#27;[1m│&amp#27;[0m
&amp#27;[32m&amp#27;[1m└──────────────────────────────────────────────────────────────────────────┘&amp#27;[0mStarting ChromeDriver 116.0.5845.96 (1a391816688002153ef791ffe60d9e899a71a037-refs/branch-heads/5845@{#1382}) on port 37348
Only local connections are allowed.
Please see https://chromedriver.chromium.org/security-considerations for suggestions on keeping ChromeDriver safe.
ChromeDriver was started successfully.
Aug 21, 2023 4:07:36 PM org.openqa.selenium.remote.ProtocolHandshake createSession
INFO: Detected dialect: W3C
]]></system-err>
  </testcase>
  <testcase name="runScenario[&quot;Create a new Invoice&quot;, &quot;Invoice Test&quot;](2)" classname="org.example.Runner.DistributorInvoicesTestRunner" time="12.804">
    <system-out><![CDATA[
Scenario: Create a new Invoice  &amp#27;[90m# src/test/resources/Features/DistributorInvoices.feature:10&amp#27;[0m
  &amp#27;[32mGiven &amp#27;[0m&amp#27;[32mlogin for Invoice&amp#27;[0m       &amp#27;[90m# org.example.StepDefinitions.DistributorInvoices.login_for_invoice()&amp#27;[0m
  &amp#27;[32mAnd &amp#27;[0m&amp#27;[32mcreate new Invoice&amp#27;[0m        &amp#27;[90m# org.example.StepDefinitions.DistributorInvoices.create_new_invoice()&amp#27;[0m
  &amp#27;[32mThen &amp#27;[0m&amp#27;[32mclose the Invoice window&amp#27;[0m &amp#27;[90m# org.example.StepDefinitions.DistributorInvoices.close_the_invoice_window()&amp#27;[0m
]]></system-out>
    <system-err><![CDATA[Starting ChromeDriver 116.0.5845.96 (1a391816688002153ef791ffe60d9e899a71a037-refs/branch-heads/5845@{#1382}) on port 47786
Only local connections are allowed.
Please see https://chromedriver.chromium.org/security-considerations for suggestions on keeping ChromeDriver safe.
ChromeDriver was started successfully.
Aug 21, 2023 4:07:47 PM org.openqa.selenium.remote.ProtocolHandshake createSession
INFO: Detected dialect: W3C
]]></system-err>
  </testcase>
  <testcase name="runScenario[&quot;Search a cancelled Invoice for AIR&quot;, &quot;Cancel Invoice Test&quot;](1)" classname="org.example.Runner.CancelInvoiceTestRunner" time="10.319">
    <system-out><![CDATA[
Scenario: Search a cancelled Invoice for AIR &amp#27;[90m# src/test/resources/Features/CancelInvoice.feature:4&amp#27;[0m
  &amp#27;[32mGiven &amp#27;[0m&amp#27;[32mLogin to Search cancelled Invoice&amp#27;[0m    &amp#27;[90m# org.example.StepDefinitions.CancelInvoice.login_to_search_cancelled_invoice()&amp#27;[0m
  &amp#27;[32mWhen &amp#27;[0m&amp#27;[32msearch for cancelled Invoice&amp#27;[0m          &amp#27;[90m# org.example.StepDefinitions.CancelInvoice.search_for_cancelled_invoice()&amp#27;[0m
  &amp#27;[32mAnd &amp#27;[0m&amp#27;[32mdescription of a cancelled Invoice&amp#27;[0m     &amp#27;[90m# org.example.StepDefinitions.CancelInvoice.description_of_a_cancelled_invoice()&amp#27;[0m
  &amp#27;[32mThen &amp#27;[0m&amp#27;[32mclose cancelled Invoice for search&amp#27;[0m    &amp#27;[90m# org.example.StepDefinitions.CancelInvoice.close_cancelled_invoice_for_search()&amp#27;[0m
]]></system-out>
    <system-err><![CDATA[&amp#27;[32m&amp#27;[1m┌──────────────────────────────────────────────────────────────────────────┐&amp#27;[0m
&amp#27;[32m&amp#27;[1m│&amp#27;[0m View your Cucumber Report at:                                            &amp#27;[32m&amp#27;[1m│&amp#27;[0m
&amp#27;[32m&amp#27;[1m│&amp#27;[0m &amp#27;[1m&amp#27;[36m&amp#27;[4mhttps://reports.cucumber.io/reports/d0de2c08-efc7-4299-b91a-56703f6e2991&amp#27;[0m &amp#27;[32m&amp#27;[1m│&amp#27;[0m
&amp#27;[32m&amp#27;[1m│&amp#27;[0m                                                                          &amp#27;[32m&amp#27;[1m│&amp#27;[0m
&amp#27;[32m&amp#27;[1m│&amp#27;[0m &amp#27;[1mThis report will self-destruct in 24h.&amp#27;[0m                                   &amp#27;[32m&amp#27;[1m│&amp#27;[0m
&amp#27;[32m&amp#27;[1m│&amp#27;[0m Keep reports forever: &amp#27;[4m&amp#27;[1m&amp#27;[36mhttps://reports.cucumber.io/profile&amp#27;[0m                &amp#27;[32m&amp#27;[1m│&amp#27;[0m
&amp#27;[32m&amp#27;[1m└──────────────────────────────────────────────────────────────────────────┘&amp#27;[0mStarting ChromeDriver 116.0.5845.96 (1a391816688002153ef791ffe60d9e899a71a037-refs/branch-heads/5845@{#1382}) on port 14044
Only local connections are allowed.
Please see https://chromedriver.chromium.org/security-considerations for suggestions on keeping ChromeDriver safe.
ChromeDriver was started successfully.
Aug 21, 2023 4:08:04 PM org.openqa.selenium.remote.ProtocolHandshake createSession
INFO: Detected dialect: W3C
]]></system-err>
  </testcase>
  <testcase name="runScenario[&quot;Create a new cancel Invoice&quot;, &quot;Cancel Invoice Test&quot;](2)" classname="org.example.Runner.CancelInvoiceTestRunner" time="11.824">
    <system-out><![CDATA[
Scenario: Create a new cancel Invoice        &amp#27;[90m# src/test/resources/Features/CancelInvoice.feature:10&amp#27;[0m
  &amp#27;[32mGiven &amp#27;[0m&amp#27;[32mlogin for cancellation of an Invoice&amp#27;[0m &amp#27;[90m# org.example.StepDefinitions.CancelInvoice.login_for_cancellation_of_an_invoice()&amp#27;[0m
  &amp#27;[32mAnd &amp#27;[0m&amp#27;[32mcreate new cancel Invoice&amp#27;[0m              &amp#27;[90m# org.example.StepDefinitions.CancelInvoice.create_new_cancel_invoice()&amp#27;[0m
  &amp#27;[32mThen &amp#27;[0m&amp#27;[32mclose the cancel Invoice window&amp#27;[0m       &amp#27;[90m# org.example.StepDefinitions.CancelInvoice.close_the_cancel_invoice_window()&amp#27;[0m
]]></system-out>
    <system-err><![CDATA[Starting ChromeDriver 116.0.5845.96 (1a391816688002153ef791ffe60d9e899a71a037-refs/branch-heads/5845@{#1382}) on port 4145
Only local connections are allowed.
Please see https://chromedriver.chromium.org/security-considerations for suggestions on keeping ChromeDriver safe.
ChromeDriver was started successfully.
Aug 21, 2023 4:08:14 PM org.openqa.selenium.remote.ProtocolHandshake createSession
INFO: Detected dialect: W3C
]]></system-err>
  </testcase>
  <testcase name="runScenario[&quot;Search a Collection for AIR&quot;, &quot;Collection Test&quot;](1)" classname="org.example.Runner.CollectionsTestRunner" time="13.85">
    <system-out><![CDATA[
Scenario: Search a Collection for AIR &amp#27;[90m# src/test/resources/Features/Collections.feature:4&amp#27;[0m
  &amp#27;[32mGiven &amp#27;[0m&amp#27;[32mLogin to Search Collection&amp#27;[0m    &amp#27;[90m# org.example.StepDefinitions.Collections.login_to_search_collection()&amp#27;[0m
  &amp#27;[32mWhen &amp#27;[0m&amp#27;[32msearch for Collection&amp#27;[0m          &amp#27;[90m# org.example.StepDefinitions.Collections.search_for_collection()&amp#27;[0m
  &amp#27;[32mAnd &amp#27;[0m&amp#27;[32mdescription of a Collection&amp#27;[0m     &amp#27;[90m# org.example.StepDefinitions.Collections.description_of_a_collection()&amp#27;[0m
  &amp#27;[32mThen &amp#27;[0m&amp#27;[32mclose Collection&amp#27;[0m               &amp#27;[90m# org.example.StepDefinitions.Collections.close_collection()&amp#27;[0m
]]></system-out>
    <system-err><![CDATA[&amp#27;[32m&amp#27;[1m┌──────────────────────────────────────────────────────────────────────────┐&amp#27;[0m
&amp#27;[32m&amp#27;[1m│&amp#27;[0m View your Cucumber Report at:                                            &amp#27;[32m&amp#27;[1m│&amp#27;[0m
&amp#27;[32m&amp#27;[1m│&amp#27;[0m &amp#27;[1m&amp#27;[36m&amp#27;[4mhttps://reports.cucumber.io/reports/e52047d0-3550-4a5f-b0cd-2a1041ae56e1&amp#27;[0m &amp#27;[32m&amp#27;[1m│&amp#27;[0m
&amp#27;[32m&amp#27;[1m│&amp#27;[0m                                                                          &amp#27;[32m&amp#27;[1m│&amp#27;[0m
&amp#27;[32m&amp#27;[1m│&amp#27;[0m &amp#27;[1mThis report will self-destruct in 24h.&amp#27;[0m                                   &amp#27;[32m&amp#27;[1m│&amp#27;[0m
&amp#27;[32m&amp#27;[1m│&amp#27;[0m Keep reports forever: &amp#27;[4m&amp#27;[1m&amp#27;[36mhttps://reports.cucumber.io/profile&amp#27;[0m                &amp#27;[32m&amp#27;[1m│&amp#27;[0m
&amp#27;[32m&amp#27;[1m└──────────────────────────────────────────────────────────────────────────┘&amp#27;[0mStarting ChromeDriver 116.0.5845.96 (1a391816688002153ef791ffe60d9e899a71a037-refs/branch-heads/5845@{#1382}) on port 23142
Only local connections are allowed.
Please see https://chromedriver.chromium.org/security-considerations for suggestions on keeping ChromeDriver safe.
ChromeDriver was started successfully.
Aug 21, 2023 4:08:29 PM org.openqa.selenium.remote.ProtocolHandshake createSession
INFO: Detected dialect: W3C
]]></system-err>
  </testcase>
  <testcase name="runScenario[&quot;Create a new Collection&quot;, &quot;Collection Test&quot;](2)" classname="org.example.Runner.CollectionsTestRunner" time="13.904">
    <system-out><![CDATA[
Scenario: Create a new Collection     &amp#27;[90m# src/test/resources/Features/Collections.feature:10&amp#27;[0m
  &amp#27;[32mGiven &amp#27;[0m&amp#27;[32mlogin for creating Collection&amp#27;[0m &amp#27;[90m# org.example.StepDefinitions.Collections.login_for_creating_collection()&amp#27;[0m
2510.0
  &amp#27;[32mAnd &amp#27;[0m&amp#27;[32mcreate new Collection&amp#27;[0m           &amp#27;[90m# org.example.StepDefinitions.Collections.create_new_collection()&amp#27;[0m
  &amp#27;[32mThen &amp#27;[0m&amp#27;[32mclose the Collection window&amp#27;[0m    &amp#27;[90m# org.example.StepDefinitions.Collections.close_the_collection_window()&amp#27;[0m
]]></system-out>
    <system-err><![CDATA[Starting ChromeDriver 116.0.5845.96 (1a391816688002153ef791ffe60d9e899a71a037-refs/branch-heads/5845@{#1382}) on port 6758
Only local connections are allowed.
Please see https://chromedriver.chromium.org/security-considerations for suggestions on keeping ChromeDriver safe.
ChromeDriver was started successfully.
Aug 21, 2023 4:08:43 PM org.openqa.selenium.remote.ProtocolHandshake createSession
INFO: Detected dialect: W3C
]]></system-err>
  </testcase>
</testsuite>