<?xml version="1.0" encoding="UTF-8"?>
<testng-results skipped="0" failed="0" ignored="0" total="6" passed="6">
  <reporter-output>
  </reporter-output>
  <suite name="All Test Suite" duration-ms="87483" started-at="2023-08-17T11:40:24 BDT" finished-at="2023-08-17T11:41:52 BDT">
    <groups>
      <group name="cucumber">
        <method signature="AbstractTestNGCucumberTests.runScenario(io.cucumber.testng.PickleWrapper, io.cucumber.testng.FeatureWrapper)[pri:0, instance:org.example.Runner.ContactsTestRunner@3fd7a715]" name="runScenario" class="io.cucumber.testng.AbstractTestNGCucumberTests"/>
        <method signature="AbstractTestNGCucumberTests.runScenario(io.cucumber.testng.PickleWrapper, io.cucumber.testng.FeatureWrapper)[pri:0, instance:org.example.Runner.DashboardTestRunner@26aa12dd]" name="runScenario" class="io.cucumber.testng.AbstractTestNGCucumberTests"/>
        <method signature="AbstractTestNGCucumberTests.runScenario(io.cucumber.testng.PickleWrapper, io.cucumber.testng.FeatureWrapper)[pri:0, instance:org.example.Runner.PreInvoiceTestRunner@711f39f9]" name="runScenario" class="io.cucumber.testng.AbstractTestNGCucumberTests"/>
        <method signature="AbstractTestNGCucumberTests.runScenario(io.cucumber.testng.PickleWrapper, io.cucumber.testng.FeatureWrapper)[pri:0, instance:org.example.Runner.PreviousPendingDeliveryTestRunner@71bbf57e]" name="runScenario" class="io.cucumber.testng.AbstractTestNGCucumberTests"/>
      </group> <!-- cucumber -->
    </groups>
    <test name="G:/Abul Hossain Chowdhury/Projects/Cucumber_For_AIR" duration-ms="87483" started-at="2023-08-17T11:40:24 BDT" finished-at="2023-08-17T11:41:52 BDT">
      <class name="org.example.Runner.DashboardTestRunner">
        <test-method status="PASS" signature="setUpClass(org.testng.ITestContext)[pri:0, instance:org.example.Runner.DashboardTestRunner@26aa12dd]" name="setUpClass" is-config="true" duration-ms="369" started-at="2023-08-17T11:40:24 BDT" finished-at="2023-08-17T11:40:24 BDT">
          <params>
            <param index="0">
              <value>
                <![CDATA[org.testng.TestRunner@3e214105]]>
              </value>
            </param>
          </params>
          <reporter-output>
          </reporter-output>
        </test-method> <!-- setUpClass -->
        <test-method status="PASS" signature="runScenario(io.cucumber.testng.PickleWrapper, io.cucumber.testng.FeatureWrapper)[pri:0, instance:org.example.Runner.DashboardTestRunner@26aa12dd]" name="runScenario" duration-ms="7851" started-at="2023-08-17T11:40:24 BDT" description="Runs Cucumber Scenarios" data-provider="scenarios" finished-at="2023-08-17T11:40:32 BDT">
          <params>
            <param index="0">
              <value>
                <![CDATA["Load dashboard for AIR"]]>
              </value>
            </param>
            <param index="1">
              <value>
                <![CDATA["Dashboard Test"]]>
              </value>
            </param>
          </params>
          <reporter-output>
          </reporter-output>
        </test-method> <!-- runScenario -->
        <test-method status="PASS" signature="tearDownClass()[pri:0, instance:org.example.Runner.DashboardTestRunner@26aa12dd]" name="tearDownClass" is-config="true" duration-ms="3017" started-at="2023-08-17T11:40:32 BDT" finished-at="2023-08-17T11:40:35 BDT">
          <reporter-output>
          </reporter-output>
        </test-method> <!-- tearDownClass -->
      </class> <!-- org.example.Runner.DashboardTestRunner -->
      <class name="org.example.Runner.ContactsTestRunner">
        <test-method status="PASS" signature="setUpClass(org.testng.ITestContext)[pri:0, instance:org.example.Runner.ContactsTestRunner@3fd7a715]" name="setUpClass" is-config="true" duration-ms="12" started-at="2023-08-17T11:40:35 BDT" finished-at="2023-08-17T11:40:35 BDT">
          <params>
            <param index="0">
              <value>
                <![CDATA[org.testng.TestRunner@3e214105]]>
              </value>
            </param>
          </params>
          <reporter-output>
          </reporter-output>
        </test-method> <!-- setUpClass -->
        <test-method status="PASS" signature="runScenario(io.cucumber.testng.PickleWrapper, io.cucumber.testng.FeatureWrapper)[pri:0, instance:org.example.Runner.ContactsTestRunner@3fd7a715]" name="runScenario" duration-ms="6810" started-at="2023-08-17T11:40:35 BDT" description="Runs Cucumber Scenarios" data-provider="scenarios" finished-at="2023-08-17T11:40:42 BDT">
          <params>
            <param index="0">
              <value>
                <![CDATA["Load Contacts for AIR"]]>
              </value>
            </param>
            <param index="1">
              <value>
                <![CDATA["Contacts Test"]]>
              </value>
            </param>
          </params>
          <reporter-output>
          </reporter-output>
        </test-method> <!-- runScenario -->
        <test-method status="PASS" signature="tearDownClass()[pri:0, instance:org.example.Runner.ContactsTestRunner@3fd7a715]" name="tearDownClass" is-config="true" duration-ms="2799" started-at="2023-08-17T11:40:42 BDT" finished-at="2023-08-17T11:40:45 BDT">
          <reporter-output>
          </reporter-output>
        </test-method> <!-- tearDownClass -->
      </class> <!-- org.example.Runner.ContactsTestRunner -->
      <class name="org.example.Runner.PreInvoiceTestRunner">
        <test-method status="PASS" signature="setUpClass(org.testng.ITestContext)[pri:0, instance:org.example.Runner.PreInvoiceTestRunner@711f39f9]" name="setUpClass" is-config="true" duration-ms="13" started-at="2023-08-17T11:40:45 BDT" finished-at="2023-08-17T11:40:45 BDT">
          <params>
            <param index="0">
              <value>
                <![CDATA[org.testng.TestRunner@3e214105]]>
              </value>
            </param>
          </params>
          <reporter-output>
          </reporter-output>
        </test-method> <!-- setUpClass -->
        <test-method status="PASS" signature="runScenario(io.cucumber.testng.PickleWrapper, io.cucumber.testng.FeatureWrapper)[pri:0, instance:org.example.Runner.PreInvoiceTestRunner@711f39f9]" name="runScenario" duration-ms="11721" started-at="2023-08-17T11:40:45 BDT" description="Runs Cucumber Scenarios" data-provider="scenarios" finished-at="2023-08-17T11:40:57 BDT">
          <params>
            <param index="0">
              <value>
                <![CDATA["Search a PreInvoice for AIR"]]>
              </value>
            </param>
            <param index="1">
              <value>
                <![CDATA["PreInvoice Test"]]>
              </value>
            </param>
          </params>
          <reporter-output>
          </reporter-output>
        </test-method> <!-- runScenario -->
        <test-method status="PASS" signature="runScenario(io.cucumber.testng.PickleWrapper, io.cucumber.testng.FeatureWrapper)[pri:0, instance:org.example.Runner.PreInvoiceTestRunner@711f39f9]" name="runScenario" duration-ms="13797" started-at="2023-08-17T11:40:57 BDT" description="Runs Cucumber Scenarios" data-provider="scenarios" finished-at="2023-08-17T11:41:11 BDT">
          <params>
            <param index="0">
              <value>
                <![CDATA["Create a new preInvoice"]]>
              </value>
            </param>
            <param index="1">
              <value>
                <![CDATA["PreInvoice Test"]]>
              </value>
            </param>
          </params>
          <reporter-output>
          </reporter-output>
        </test-method> <!-- runScenario -->
        <test-method status="PASS" signature="tearDownClass()[pri:0, instance:org.example.Runner.PreInvoiceTestRunner@711f39f9]" name="tearDownClass" is-config="true" duration-ms="2891" started-at="2023-08-17T11:41:11 BDT" finished-at="2023-08-17T11:41:13 BDT">
          <reporter-output>
          </reporter-output>
        </test-method> <!-- tearDownClass -->
      </class> <!-- org.example.Runner.PreInvoiceTestRunner -->
      <class name="org.example.Runner.PreviousPendingDeliveryTestRunner">
        <test-method status="PASS" signature="setUpClass(org.testng.ITestContext)[pri:0, instance:org.example.Runner.PreviousPendingDeliveryTestRunner@71bbf57e]" name="setUpClass" is-config="true" duration-ms="8" started-at="2023-08-17T11:41:13 BDT" finished-at="2023-08-17T11:41:13 BDT">
          <params>
            <param index="0">
              <value>
                <![CDATA[org.testng.TestRunner@3e214105]]>
              </value>
            </param>
          </params>
          <reporter-output>
          </reporter-output>
        </test-method> <!-- setUpClass -->
        <test-method status="PASS" signature="runScenario(io.cucumber.testng.PickleWrapper, io.cucumber.testng.FeatureWrapper)[pri:0, instance:org.example.Runner.PreviousPendingDeliveryTestRunner@71bbf57e]" name="runScenario" duration-ms="15882" started-at="2023-08-17T11:41:13 BDT" description="Runs Cucumber Scenarios" data-provider="scenarios" finished-at="2023-08-17T11:41:29 BDT">
          <params>
            <param index="0">
              <value>
                <![CDATA["Search a Previous Pending Delivery for AIR"]]>
              </value>
            </param>
            <param index="1">
              <value>
                <![CDATA["Previous Pending Delivery Test"]]>
              </value>
            </param>
          </params>
          <reporter-output>
          </reporter-output>
        </test-method> <!-- runScenario -->
        <test-method status="PASS" signature="runScenario(io.cucumber.testng.PickleWrapper, io.cucumber.testng.FeatureWrapper)[pri:0, instance:org.example.Runner.PreviousPendingDeliveryTestRunner@71bbf57e]" name="runScenario" duration-ms="19360" started-at="2023-08-17T11:41:29 BDT" description="Runs Cucumber Scenarios" data-provider="scenarios" finished-at="2023-08-17T11:41:49 BDT">
          <params>
            <param index="0">
              <value>
                <![CDATA["Create a new Previous Pending Delivery"]]>
              </value>
            </param>
            <param index="1">
              <value>
                <![CDATA["Previous Pending Delivery Test"]]>
              </value>
            </param>
          </params>
          <reporter-output>
          </reporter-output>
        </test-method> <!-- runScenario -->
        <test-method status="PASS" signature="tearDownClass()[pri:0, instance:org.example.Runner.PreviousPendingDeliveryTestRunner@71bbf57e]" name="tearDownClass" is-config="true" duration-ms="2926" started-at="2023-08-17T11:41:49 BDT" finished-at="2023-08-17T11:41:52 BDT">
          <reporter-output>
          </reporter-output>
        </test-method> <!-- tearDownClass -->
      </class> <!-- org.example.Runner.PreviousPendingDeliveryTestRunner -->
    </test> <!-- G:/Abul Hossain Chowdhury/Projects/Cucumber_For_AIR -->
  </suite> <!-- All Test Suite -->
</testng-results>
