<?xml version="1.0" encoding="UTF-8"?>
<testng-results skipped="0" failed="0" ignored="0" total="16" passed="16">
  <reporter-output>
  </reporter-output>
  <suite name="All Test Suite" duration-ms="235569" started-at="2023-08-21T16:05:02 BDT" finished-at="2023-08-21T16:08:58 BDT">
    <groups>
      <group name="cucumber">
        <method signature="AbstractTestNGCucumberTests.runScenario(io.cucumber.testng.PickleWrapper, io.cucumber.testng.FeatureWrapper)[pri:0, instance:org.example.Runner.CancelInvoiceTestRunner@3a5ed7a6]" name="runScenario" class="io.cucumber.testng.AbstractTestNGCucumberTests"/>
        <method signature="AbstractTestNGCucumberTests.runScenario(io.cucumber.testng.PickleWrapper, io.cucumber.testng.FeatureWrapper)[pri:0, instance:org.example.Runner.CancelOrderTestRunner@7d907bac]" name="runScenario" class="io.cucumber.testng.AbstractTestNGCucumberTests"/>
        <method signature="AbstractTestNGCucumberTests.runScenario(io.cucumber.testng.PickleWrapper, io.cucumber.testng.FeatureWrapper)[pri:0, instance:org.example.Runner.CollectionsTestRunner@6325a3ee]" name="runScenario" class="io.cucumber.testng.AbstractTestNGCucumberTests"/>
        <method signature="AbstractTestNGCucumberTests.runScenario(io.cucumber.testng.PickleWrapper, io.cucumber.testng.FeatureWrapper)[pri:0, instance:org.example.Runner.ContactsTestRunner@4b4523f8]" name="runScenario" class="io.cucumber.testng.AbstractTestNGCucumberTests"/>
        <method signature="AbstractTestNGCucumberTests.runScenario(io.cucumber.testng.PickleWrapper, io.cucumber.testng.FeatureWrapper)[pri:0, instance:org.example.Runner.DashboardTestRunner@5a8e6209]" name="runScenario" class="io.cucumber.testng.AbstractTestNGCucumberTests"/>
        <method signature="AbstractTestNGCucumberTests.runScenario(io.cucumber.testng.PickleWrapper, io.cucumber.testng.FeatureWrapper)[pri:0, instance:org.example.Runner.DistributorInvoicesTestRunner@7791a895]" name="runScenario" class="io.cucumber.testng.AbstractTestNGCucumberTests"/>
        <method signature="AbstractTestNGCucumberTests.runScenario(io.cucumber.testng.PickleWrapper, io.cucumber.testng.FeatureWrapper)[pri:0, instance:org.example.Runner.OrderTestRunner@1f28c152]" name="runScenario" class="io.cucumber.testng.AbstractTestNGCucumberTests"/>
        <method signature="AbstractTestNGCucumberTests.runScenario(io.cucumber.testng.PickleWrapper, io.cucumber.testng.FeatureWrapper)[pri:0, instance:org.example.Runner.PreInvoiceTestRunner@731a74c]" name="runScenario" class="io.cucumber.testng.AbstractTestNGCucumberTests"/>
        <method signature="AbstractTestNGCucumberTests.runScenario(io.cucumber.testng.PickleWrapper, io.cucumber.testng.FeatureWrapper)[pri:0, instance:org.example.Runner.PreviousPendingDeliveryTestRunner@369f73a2]" name="runScenario" class="io.cucumber.testng.AbstractTestNGCucumberTests"/>
      </group> <!-- cucumber -->
    </groups>
    <test name="G:/Abul Hossain Chowdhury/Projects/Cucumber_For_AIR" duration-ms="235569" started-at="2023-08-21T16:05:02 BDT" finished-at="2023-08-21T16:08:58 BDT">
      <class name="org.example.Runner.DashboardTestRunner">
        <test-method status="PASS" signature="setUpClass(org.testng.ITestContext)[pri:0, instance:org.example.Runner.DashboardTestRunner@5a8e6209]" name="setUpClass" is-config="true" duration-ms="369" started-at="2023-08-21T16:05:02 BDT" finished-at="2023-08-21T16:05:03 BDT">
          <params>
            <param index="0">
              <value>
                <![CDATA[org.testng.TestRunner@d180961]]>
              </value>
            </param>
          </params>
          <reporter-output>
          </reporter-output>
        </test-method> <!-- setUpClass -->
        <test-method status="PASS" signature="runScenario(io.cucumber.testng.PickleWrapper, io.cucumber.testng.FeatureWrapper)[pri:0, instance:org.example.Runner.DashboardTestRunner@5a8e6209]" name="runScenario" duration-ms="13055" started-at="2023-08-21T16:05:03 BDT" description="Runs Cucumber Scenarios" data-provider="scenarios" finished-at="2023-08-21T16:05:16 BDT">
          <params>
            <param index="0">
              <value>
                <![CDATA["Load dashboard for AIR"]]>
              </value>
            </param>
            <param index="1">
              <value>
                <![CDATA["Dashboard Test"]]>
              </value>
            </param>
          </params>
          <reporter-output>
          </reporter-output>
        </test-method> <!-- runScenario -->
        <test-method status="PASS" signature="tearDownClass()[pri:0, instance:org.example.Runner.DashboardTestRunner@5a8e6209]" name="tearDownClass" is-config="true" duration-ms="3130" started-at="2023-08-21T16:05:16 BDT" finished-at="2023-08-21T16:05:19 BDT">
          <reporter-output>
          </reporter-output>
        </test-method> <!-- tearDownClass -->
      </class> <!-- org.example.Runner.DashboardTestRunner -->
      <class name="org.example.Runner.ContactsTestRunner">
        <test-method status="PASS" signature="setUpClass(org.testng.ITestContext)[pri:0, instance:org.example.Runner.ContactsTestRunner@4b4523f8]" name="setUpClass" is-config="true" duration-ms="16" started-at="2023-08-21T16:05:19 BDT" finished-at="2023-08-21T16:05:19 BDT">
          <params>
            <param index="0">
              <value>
                <![CDATA[org.testng.TestRunner@d180961]]>
              </value>
            </param>
          </params>
          <reporter-output>
          </reporter-output>
        </test-method> <!-- setUpClass -->
        <test-method status="PASS" signature="runScenario(io.cucumber.testng.PickleWrapper, io.cucumber.testng.FeatureWrapper)[pri:0, instance:org.example.Runner.ContactsTestRunner@4b4523f8]" name="runScenario" duration-ms="7415" started-at="2023-08-21T16:05:19 BDT" description="Runs Cucumber Scenarios" data-provider="scenarios" finished-at="2023-08-21T16:05:26 BDT">
          <params>
            <param index="0">
              <value>
                <![CDATA["Load Contacts for AIR"]]>
              </value>
            </param>
            <param index="1">
              <value>
                <![CDATA["Contacts Test"]]>
              </value>
            </param>
          </params>
          <reporter-output>
          </reporter-output>
        </test-method> <!-- runScenario -->
        <test-method status="PASS" signature="tearDownClass()[pri:0, instance:org.example.Runner.ContactsTestRunner@4b4523f8]" name="tearDownClass" is-config="true" duration-ms="2893" started-at="2023-08-21T16:05:26 BDT" finished-at="2023-08-21T16:05:29 BDT">
          <reporter-output>
          </reporter-output>
        </test-method> <!-- tearDownClass -->
      </class> <!-- org.example.Runner.ContactsTestRunner -->
      <class name="org.example.Runner.PreInvoiceTestRunner">
        <test-method status="PASS" signature="setUpClass(org.testng.ITestContext)[pri:0, instance:org.example.Runner.PreInvoiceTestRunner@731a74c]" name="setUpClass" is-config="true" duration-ms="16" started-at="2023-08-21T16:05:29 BDT" finished-at="2023-08-21T16:05:29 BDT">
          <params>
            <param index="0">
              <value>
                <![CDATA[org.testng.TestRunner@d180961]]>
              </value>
            </param>
          </params>
          <reporter-output>
          </reporter-output>
        </test-method> <!-- setUpClass -->
        <test-method status="PASS" signature="runScenario(io.cucumber.testng.PickleWrapper, io.cucumber.testng.FeatureWrapper)[pri:0, instance:org.example.Runner.PreInvoiceTestRunner@731a74c]" name="runScenario" duration-ms="11958" started-at="2023-08-21T16:05:29 BDT" description="Runs Cucumber Scenarios" data-provider="scenarios" finished-at="2023-08-21T16:05:41 BDT">
          <params>
            <param index="0">
              <value>
                <![CDATA["Search a PreInvoice for AIR"]]>
              </value>
            </param>
            <param index="1">
              <value>
                <![CDATA["PreInvoice Test"]]>
              </value>
            </param>
          </params>
          <reporter-output>
          </reporter-output>
        </test-method> <!-- runScenario -->
        <test-method status="PASS" signature="runScenario(io.cucumber.testng.PickleWrapper, io.cucumber.testng.FeatureWrapper)[pri:0, instance:org.example.Runner.PreInvoiceTestRunner@731a74c]" name="runScenario" duration-ms="13913" started-at="2023-08-21T16:05:41 BDT" description="Runs Cucumber Scenarios" data-provider="scenarios" finished-at="2023-08-21T16:05:55 BDT">
          <params>
            <param index="0">
              <value>
                <![CDATA["Create a new preInvoice"]]>
              </value>
            </param>
            <param index="1">
              <value>
                <![CDATA["PreInvoice Test"]]>
              </value>
            </param>
          </params>
          <reporter-output>
          </reporter-output>
        </test-method> <!-- runScenario -->
        <test-method status="PASS" signature="tearDownClass()[pri:0, instance:org.example.Runner.PreInvoiceTestRunner@731a74c]" name="tearDownClass" is-config="true" duration-ms="3389" started-at="2023-08-21T16:05:55 BDT" finished-at="2023-08-21T16:05:59 BDT">
          <reporter-output>
          </reporter-output>
        </test-method> <!-- tearDownClass -->
      </class> <!-- org.example.Runner.PreInvoiceTestRunner -->
      <class name="org.example.Runner.CollectionsTestRunner">
        <test-method status="PASS" signature="setUpClass(org.testng.ITestContext)[pri:0, instance:org.example.Runner.CollectionsTestRunner@6325a3ee]" name="setUpClass" is-config="true" duration-ms="11" started-at="2023-08-21T16:08:27 BDT" finished-at="2023-08-21T16:08:27 BDT">
          <params>
            <param index="0">
              <value>
                <![CDATA[org.testng.TestRunner@d180961]]>
              </value>
            </param>
          </params>
          <reporter-output>
          </reporter-output>
        </test-method> <!-- setUpClass -->
        <test-method status="PASS" signature="runScenario(io.cucumber.testng.PickleWrapper, io.cucumber.testng.FeatureWrapper)[pri:0, instance:org.example.Runner.CollectionsTestRunner@6325a3ee]" name="runScenario" duration-ms="13829" started-at="2023-08-21T16:08:27 BDT" description="Runs Cucumber Scenarios" data-provider="scenarios" finished-at="2023-08-21T16:08:41 BDT">
          <params>
            <param index="0">
              <value>
                <![CDATA["Search a Collection for AIR"]]>
              </value>
            </param>
            <param index="1">
              <value>
                <![CDATA["Collection Test"]]>
              </value>
            </param>
          </params>
          <reporter-output>
          </reporter-output>
        </test-method> <!-- runScenario -->
        <test-method status="PASS" signature="runScenario(io.cucumber.testng.PickleWrapper, io.cucumber.testng.FeatureWrapper)[pri:0, instance:org.example.Runner.CollectionsTestRunner@6325a3ee]" name="runScenario" duration-ms="13905" started-at="2023-08-21T16:08:41 BDT" description="Runs Cucumber Scenarios" data-provider="scenarios" finished-at="2023-08-21T16:08:55 BDT">
          <params>
            <param index="0">
              <value>
                <![CDATA["Create a new Collection"]]>
              </value>
            </param>
            <param index="1">
              <value>
                <![CDATA["Collection Test"]]>
              </value>
            </param>
          </params>
          <reporter-output>
          </reporter-output>
        </test-method> <!-- runScenario -->
        <test-method status="PASS" signature="tearDownClass()[pri:0, instance:org.example.Runner.CollectionsTestRunner@6325a3ee]" name="tearDownClass" is-config="true" duration-ms="3331" started-at="2023-08-21T16:08:55 BDT" finished-at="2023-08-21T16:08:58 BDT">
          <reporter-output>
          </reporter-output>
        </test-method> <!-- tearDownClass -->
      </class> <!-- org.example.Runner.CollectionsTestRunner -->
      <class name="org.example.Runner.CancelOrderTestRunner">
        <test-method status="PASS" signature="setUpClass(org.testng.ITestContext)[pri:0, instance:org.example.Runner.CancelOrderTestRunner@7d907bac]" name="setUpClass" is-config="true" duration-ms="11" started-at="2023-08-21T16:07:07 BDT" finished-at="2023-08-21T16:07:07 BDT">
          <params>
            <param index="0">
              <value>
                <![CDATA[org.testng.TestRunner@d180961]]>
              </value>
            </param>
          </params>
          <reporter-output>
          </reporter-output>
        </test-method> <!-- setUpClass -->
        <test-method status="PASS" signature="runScenario(io.cucumber.testng.PickleWrapper, io.cucumber.testng.FeatureWrapper)[pri:0, instance:org.example.Runner.CancelOrderTestRunner@7d907bac]" name="runScenario" duration-ms="10897" started-at="2023-08-21T16:07:07 BDT" description="Runs Cucumber Scenarios" data-provider="scenarios" finished-at="2023-08-21T16:07:18 BDT">
          <params>
            <param index="0">
              <value>
                <![CDATA["Search an CancelOrder for AIR"]]>
              </value>
            </param>
            <param index="1">
              <value>
                <![CDATA["CancelOrder Test"]]>
              </value>
            </param>
          </params>
          <reporter-output>
          </reporter-output>
        </test-method> <!-- runScenario -->
        <test-method status="PASS" signature="runScenario(io.cucumber.testng.PickleWrapper, io.cucumber.testng.FeatureWrapper)[pri:0, instance:org.example.Runner.CancelOrderTestRunner@7d907bac]" name="runScenario" duration-ms="13154" started-at="2023-08-21T16:07:18 BDT" description="Runs Cucumber Scenarios" data-provider="scenarios" finished-at="2023-08-21T16:07:31 BDT">
          <params>
            <param index="0">
              <value>
                <![CDATA["Create a new cancelled Order"]]>
              </value>
            </param>
            <param index="1">
              <value>
                <![CDATA["CancelOrder Test"]]>
              </value>
            </param>
          </params>
          <reporter-output>
          </reporter-output>
        </test-method> <!-- runScenario -->
        <test-method status="PASS" signature="tearDownClass()[pri:0, instance:org.example.Runner.CancelOrderTestRunner@7d907bac]" name="tearDownClass" is-config="true" duration-ms="3364" started-at="2023-08-21T16:07:31 BDT" finished-at="2023-08-21T16:07:34 BDT">
          <reporter-output>
          </reporter-output>
        </test-method> <!-- tearDownClass -->
      </class> <!-- org.example.Runner.CancelOrderTestRunner -->
      <class name="org.example.Runner.PreviousPendingDeliveryTestRunner">
        <test-method status="PASS" signature="setUpClass(org.testng.ITestContext)[pri:0, instance:org.example.Runner.PreviousPendingDeliveryTestRunner@369f73a2]" name="setUpClass" is-config="true" duration-ms="11" started-at="2023-08-21T16:05:59 BDT" finished-at="2023-08-21T16:05:59 BDT">
          <params>
            <param index="0">
              <value>
                <![CDATA[org.testng.TestRunner@d180961]]>
              </value>
            </param>
          </params>
          <reporter-output>
          </reporter-output>
        </test-method> <!-- setUpClass -->
        <test-method status="PASS" signature="runScenario(io.cucumber.testng.PickleWrapper, io.cucumber.testng.FeatureWrapper)[pri:0, instance:org.example.Runner.PreviousPendingDeliveryTestRunner@369f73a2]" name="runScenario" duration-ms="16819" started-at="2023-08-21T16:05:59 BDT" description="Runs Cucumber Scenarios" data-provider="scenarios" finished-at="2023-08-21T16:06:15 BDT">
          <params>
            <param index="0">
              <value>
                <![CDATA["Search a Previous Pending Delivery for AIR"]]>
              </value>
            </param>
            <param index="1">
              <value>
                <![CDATA["Previous Pending Delivery Test"]]>
              </value>
            </param>
          </params>
          <reporter-output>
          </reporter-output>
        </test-method> <!-- runScenario -->
        <test-method status="PASS" signature="runScenario(io.cucumber.testng.PickleWrapper, io.cucumber.testng.FeatureWrapper)[pri:0, instance:org.example.Runner.PreviousPendingDeliveryTestRunner@369f73a2]" name="runScenario" duration-ms="20271" started-at="2023-08-21T16:06:15 BDT" description="Runs Cucumber Scenarios" data-provider="scenarios" finished-at="2023-08-21T16:06:36 BDT">
          <params>
            <param index="0">
              <value>
                <![CDATA["Create a new Previous Pending Delivery"]]>
              </value>
            </param>
            <param index="1">
              <value>
                <![CDATA["Previous Pending Delivery Test"]]>
              </value>
            </param>
          </params>
          <reporter-output>
          </reporter-output>
        </test-method> <!-- runScenario -->
        <test-method status="PASS" signature="tearDownClass()[pri:0, instance:org.example.Runner.PreviousPendingDeliveryTestRunner@369f73a2]" name="tearDownClass" is-config="true" duration-ms="3409" started-at="2023-08-21T16:06:36 BDT" finished-at="2023-08-21T16:06:39 BDT">
          <reporter-output>
          </reporter-output>
        </test-method> <!-- tearDownClass -->
      </class> <!-- org.example.Runner.PreviousPendingDeliveryTestRunner -->
      <class name="org.example.Runner.DistributorInvoicesTestRunner">
        <test-method status="PASS" signature="setUpClass(org.testng.ITestContext)[pri:0, instance:org.example.Runner.DistributorInvoicesTestRunner@7791a895]" name="setUpClass" is-config="true" duration-ms="11" started-at="2023-08-21T16:07:34 BDT" finished-at="2023-08-21T16:07:34 BDT">
          <params>
            <param index="0">
              <value>
                <![CDATA[org.testng.TestRunner@d180961]]>
              </value>
            </param>
          </params>
          <reporter-output>
          </reporter-output>
        </test-method> <!-- setUpClass -->
        <test-method status="PASS" signature="runScenario(io.cucumber.testng.PickleWrapper, io.cucumber.testng.FeatureWrapper)[pri:0, instance:org.example.Runner.DistributorInvoicesTestRunner@7791a895]" name="runScenario" duration-ms="11093" started-at="2023-08-21T16:07:34 BDT" description="Runs Cucumber Scenarios" data-provider="scenarios" finished-at="2023-08-21T16:07:45 BDT">
          <params>
            <param index="0">
              <value>
                <![CDATA["Search an Invoice for AIR"]]>
              </value>
            </param>
            <param index="1">
              <value>
                <![CDATA["Invoice Test"]]>
              </value>
            </param>
          </params>
          <reporter-output>
          </reporter-output>
        </test-method> <!-- runScenario -->
        <test-method status="PASS" signature="runScenario(io.cucumber.testng.PickleWrapper, io.cucumber.testng.FeatureWrapper)[pri:0, instance:org.example.Runner.DistributorInvoicesTestRunner@7791a895]" name="runScenario" duration-ms="12800" started-at="2023-08-21T16:07:45 BDT" description="Runs Cucumber Scenarios" data-provider="scenarios" finished-at="2023-08-21T16:07:58 BDT">
          <params>
            <param index="0">
              <value>
                <![CDATA["Create a new Invoice"]]>
              </value>
            </param>
            <param index="1">
              <value>
                <![CDATA["Invoice Test"]]>
              </value>
            </param>
          </params>
          <reporter-output>
          </reporter-output>
        </test-method> <!-- runScenario -->
        <test-method status="PASS" signature="tearDownClass()[pri:0, instance:org.example.Runner.DistributorInvoicesTestRunner@7791a895]" name="tearDownClass" is-config="true" duration-ms="3392" started-at="2023-08-21T16:07:58 BDT" finished-at="2023-08-21T16:08:01 BDT">
          <reporter-output>
          </reporter-output>
        </test-method> <!-- tearDownClass -->
      </class> <!-- org.example.Runner.DistributorInvoicesTestRunner -->
      <class name="org.example.Runner.OrderTestRunner">
        <test-method status="PASS" signature="setUpClass(org.testng.ITestContext)[pri:0, instance:org.example.Runner.OrderTestRunner@1f28c152]" name="setUpClass" is-config="true" duration-ms="12" started-at="2023-08-21T16:06:39 BDT" finished-at="2023-08-21T16:06:39 BDT">
          <params>
            <param index="0">
              <value>
                <![CDATA[org.testng.TestRunner@d180961]]>
              </value>
            </param>
          </params>
          <reporter-output>
          </reporter-output>
        </test-method> <!-- setUpClass -->
        <test-method status="PASS" signature="runScenario(io.cucumber.testng.PickleWrapper, io.cucumber.testng.FeatureWrapper)[pri:0, instance:org.example.Runner.OrderTestRunner@1f28c152]" name="runScenario" duration-ms="12260" started-at="2023-08-21T16:06:39 BDT" description="Runs Cucumber Scenarios" data-provider="scenarios" finished-at="2023-08-21T16:06:51 BDT">
          <params>
            <param index="0">
              <value>
                <![CDATA["Search an Order for AIR"]]>
              </value>
            </param>
            <param index="1">
              <value>
                <![CDATA["Order Test"]]>
              </value>
            </param>
          </params>
          <reporter-output>
          </reporter-output>
        </test-method> <!-- runScenario -->
        <test-method status="PASS" signature="runScenario(io.cucumber.testng.PickleWrapper, io.cucumber.testng.FeatureWrapper)[pri:0, instance:org.example.Runner.OrderTestRunner@1f28c152]" name="runScenario" duration-ms="11907" started-at="2023-08-21T16:06:51 BDT" description="Runs Cucumber Scenarios" data-provider="scenarios" finished-at="2023-08-21T16:07:03 BDT">
          <params>
            <param index="0">
              <value>
                <![CDATA["Create a new Order"]]>
              </value>
            </param>
            <param index="1">
              <value>
                <![CDATA["Order Test"]]>
              </value>
            </param>
          </params>
          <reporter-output>
          </reporter-output>
        </test-method> <!-- runScenario -->
        <test-method status="PASS" signature="tearDownClass()[pri:0, instance:org.example.Runner.OrderTestRunner@1f28c152]" name="tearDownClass" is-config="true" duration-ms="3333" started-at="2023-08-21T16:07:03 BDT" finished-at="2023-08-21T16:07:07 BDT">
          <reporter-output>
          </reporter-output>
        </test-method> <!-- tearDownClass -->
      </class> <!-- org.example.Runner.OrderTestRunner -->
      <class name="org.example.Runner.CancelInvoiceTestRunner">
        <test-method status="PASS" signature="setUpClass(org.testng.ITestContext)[pri:0, instance:org.example.Runner.CancelInvoiceTestRunner@3a5ed7a6]" name="setUpClass" is-config="true" duration-ms="10" started-at="2023-08-21T16:08:01 BDT" finished-at="2023-08-21T16:08:01 BDT">
          <params>
            <param index="0">
              <value>
                <![CDATA[org.testng.TestRunner@d180961]]>
              </value>
            </param>
          </params>
          <reporter-output>
          </reporter-output>
        </test-method> <!-- setUpClass -->
        <test-method status="PASS" signature="runScenario(io.cucumber.testng.PickleWrapper, io.cucumber.testng.FeatureWrapper)[pri:0, instance:org.example.Runner.CancelInvoiceTestRunner@3a5ed7a6]" name="runScenario" duration-ms="10304" started-at="2023-08-21T16:08:01 BDT" description="Runs Cucumber Scenarios" data-provider="scenarios" finished-at="2023-08-21T16:08:12 BDT">
          <params>
            <param index="0">
              <value>
                <![CDATA["Search a cancelled Invoice for AIR"]]>
              </value>
            </param>
            <param index="1">
              <value>
                <![CDATA["Cancel Invoice Test"]]>
              </value>
            </param>
          </params>
          <reporter-output>
          </reporter-output>
        </test-method> <!-- runScenario -->
        <test-method status="PASS" signature="runScenario(io.cucumber.testng.PickleWrapper, io.cucumber.testng.FeatureWrapper)[pri:0, instance:org.example.Runner.CancelInvoiceTestRunner@3a5ed7a6]" name="runScenario" duration-ms="11822" started-at="2023-08-21T16:08:12 BDT" description="Runs Cucumber Scenarios" data-provider="scenarios" finished-at="2023-08-21T16:08:24 BDT">
          <params>
            <param index="0">
              <value>
                <![CDATA["Create a new cancel Invoice"]]>
              </value>
            </param>
            <param index="1">
              <value>
                <![CDATA["Cancel Invoice Test"]]>
              </value>
            </param>
          </params>
          <reporter-output>
          </reporter-output>
        </test-method> <!-- runScenario -->
        <test-method status="PASS" signature="tearDownClass()[pri:0, instance:org.example.Runner.CancelInvoiceTestRunner@3a5ed7a6]" name="tearDownClass" is-config="true" duration-ms="3416" started-at="2023-08-21T16:08:24 BDT" finished-at="2023-08-21T16:08:27 BDT">
          <reporter-output>
          </reporter-output>
        </test-method> <!-- tearDownClass -->
      </class> <!-- org.example.Runner.CancelInvoiceTestRunner -->
    </test> <!-- G:/Abul Hossain Chowdhury/Projects/Cucumber_For_AIR -->
  </suite> <!-- All Test Suite -->
</testng-results>
