-------------------------------------------------------------------------------
Test set: TestSuite
-------------------------------------------------------------------------------
Tests run: 3, Failures: 1, Errors: 0, Skipped: 0, Time elapsed: 22.905 s <<< FAILURE! - in TestSuite
org.example.Runner.PreInvoiceTestRunner.runScenario["Search a PreInvoice for AIR", "PreInvoice Test"](1)  Time elapsed: 0.022 s  <<< FAILURE!
io.cucumber.testng.UndefinedStepException: 
The step 'Login to Search PreInvoice' and 3 other step(s) are undefined.
You can implement these steps using the snippet(s) below:

@Given("Login to Search PreInvoice")
public void login_to_search_pre_invoice() {
    // Write code here that turns the phrase above into concrete actions
    throw new io.cucumber.java.PendingException();
}
@When("search for preInvoice")
public void search_for_pre_invoice() {
    // Write code here that turns the phrase above into concrete actions
    throw new io.cucumber.java.PendingException();
}
@When("description of a preinvoice")
public void description_of_a_preinvoice() {
    // Write code here that turns the phrase above into concrete actions
    throw new io.cucumber.java.PendingException();
}
@Then("close PreInvoice for search")
public void close_pre_invoice_for_search() {
    // Write code here that turns the phrase above into concrete actions
    throw new io.cucumber.java.PendingException();
}


