<?xml version="1.0" encoding="UTF-8"?>
<testsuite xmlns:xsi="http://www.w3.org/2001/XMLSchema-instance" xsi:noNamespaceSchemaLocation="https://maven.apache.org/surefire/maven-surefire-plugin/xsd/surefire-test-report-3.0.xsd" version="3.0" name="TestSuite" time="49.37" tests="4" errors="0" skipped="0" failures="0">
  <properties>
[...]
</properties>
  <testcase name="runScenario[&quot;Load dashboard for AIR&quot;, &quot;Dashboard Test&quot;](1)" classname="org.example.Runner.DashboardTestRunner" time="8.261">
    <system-out><![CDATA[
Scenario: Load dashboard for AIR      &amp#27;[90m# src/test/resources/Features/Dashboard.feature:3&amp#27;[0m
  &amp#27;[32mGiven &amp#27;[0m&amp#27;[32mlogin for accessing dashboard&amp#27;[0m &amp#27;[90m# org.example.StepDefinitions.Dashboard.dashboard()&amp#27;[0m
  &amp#27;[32mWhen &amp#27;[0m&amp#27;[32mclick the Dashboard&amp#27;[0m            &amp#27;[90m# org.example.StepDefinitions.Dashboard.clickDashboard()&amp#27;[0m
  &amp#27;[32mThen &amp#27;[0m&amp#27;[32mClose Driver for dashboard&amp#27;[0m     &amp#27;[90m# org.example.StepDefinitions.Dashboard.closeDriver()&amp#27;[0m
]]></system-out>
    <system-err><![CDATA[SLF4J: Failed to load class "org.slf4j.impl.StaticLoggerBinder".
SLF4J: Defaulting to no-operation (NOP) logger implementation
SLF4J: See http://www.slf4j.org/codes.html#StaticLoggerBinder for further details.
Aug 14, 2023 4:11:27 PM org.openqa.selenium.remote.service.DriverService$Builder getLogOutput
INFO: Driver logs no longer sent to console by default; https://www.selenium.dev/documentation/webdriver/drivers/service/#setting-log-output
Aug 14, 2023 4:11:29 PM org.openqa.selenium.devtools.CdpVersionFinder findNearestMatch
WARNING: Unable to find an exact match for CDP version 115, so returning the closest version found: 114
]]></system-err>
  </testcase>
  <testcase name="runScenario[&quot;Load Contacts for AIR&quot;, &quot;Contacts Test&quot;](1)" classname="org.example.Runner.ContactsTestRunner" time="7.139">
    <system-out><![CDATA[
Scenario: Load Contacts for AIR      &amp#27;[90m# src/test/resources/Features/Contacts.feature:3&amp#27;[0m
  &amp#27;[32mGiven &amp#27;[0m&amp#27;[32mlogin for accessing Contacts&amp#27;[0m &amp#27;[90m# org.example.StepDefinitions.Contacts.contacts()&amp#27;[0m
  &amp#27;[32mWhen &amp#27;[0m&amp#27;[32msearch for employee&amp#27;[0m           &amp#27;[90m# org.example.StepDefinitions.Contacts.search_for_employee()&amp#27;[0m
  &amp#27;[32mThen &amp#27;[0m&amp#27;[32mclose Contacts&amp#27;[0m                &amp#27;[90m# org.example.StepDefinitions.Contacts.close()&amp#27;[0m
]]></system-out>
    <system-err><![CDATA[&amp#27;[32m&amp#27;[1m┌──────────────────────────────────────────────────────────────────────────┐&amp#27;[0m
&amp#27;[32m&amp#27;[1m│&amp#27;[0m View your Cucumber Report at:                                            &amp#27;[32m&amp#27;[1m│&amp#27;[0m
&amp#27;[32m&amp#27;[1m│&amp#27;[0m &amp#27;[1m&amp#27;[36m&amp#27;[4mhttps://reports.cucumber.io/reports/35824496-586a-477d-910b-863980651e4f&amp#27;[0m &amp#27;[32m&amp#27;[1m│&amp#27;[0m
&amp#27;[32m&amp#27;[1m│&amp#27;[0m                                                                          &amp#27;[32m&amp#27;[1m│&amp#27;[0m
&amp#27;[32m&amp#27;[1m│&amp#27;[0m &amp#27;[1mThis report will self-destruct in 24h.&amp#27;[0m                                   &amp#27;[32m&amp#27;[1m│&amp#27;[0m
&amp#27;[32m&amp#27;[1m│&amp#27;[0m Keep reports forever: &amp#27;[4m&amp#27;[1m&amp#27;[36mhttps://reports.cucumber.io/profile&amp#27;[0m                &amp#27;[32m&amp#27;[1m│&amp#27;[0m
&amp#27;[32m&amp#27;[1m└──────────────────────────────────────────────────────────────────────────┘&amp#27;[0mAug 14, 2023 4:11:38 PM org.openqa.selenium.remote.service.DriverService$Builder getLogOutput
INFO: Driver logs no longer sent to console by default; https://www.selenium.dev/documentation/webdriver/drivers/service/#setting-log-output
Aug 14, 2023 4:11:39 PM org.openqa.selenium.devtools.CdpVersionFinder findNearestMatch
WARNING: Unable to find an exact match for CDP version 115, so returning the closest version found: 114
]]></system-err>
  </testcase>
  <testcase name="runScenario[&quot;Search a PreInvoice for AIR&quot;, &quot;PreInvoice Test&quot;](1)" classname="org.example.Runner.PreInvoiceTestRunner" time="11.802">
    <system-out><![CDATA[
Scenario: Search a PreInvoice for AIR &amp#27;[90m# src/test/resources/Features/PreInvoice.feature:4&amp#27;[0m
  &amp#27;[32mGiven &amp#27;[0m&amp#27;[32mLogin to Search PreInvoice&amp#27;[0m    &amp#27;[90m# org.example.StepDefinitions.PreInvoice.login_for_accessing_pre_invoice()&amp#27;[0m
  &amp#27;[32mWhen &amp#27;[0m&amp#27;[32msearch for preInvoice&amp#27;[0m          &amp#27;[90m# org.example.StepDefinitions.PreInvoice.search_for_pre_invoice()&amp#27;[0m
  &amp#27;[32mAnd &amp#27;[0m&amp#27;[32mdescription of a preinvoice&amp#27;[0m     &amp#27;[90m# org.example.StepDefinitions.PreInvoice.description_of_a_preinvoice()&amp#27;[0m
  &amp#27;[32mThen &amp#27;[0m&amp#27;[32mclose PreInvoice for search&amp#27;[0m    &amp#27;[90m# org.example.StepDefinitions.PreInvoice.closePreInvoice()&amp#27;[0m
]]></system-out>
    <system-err><![CDATA[&amp#27;[32m&amp#27;[1m┌──────────────────────────────────────────────────────────────────────────┐&amp#27;[0m
&amp#27;[32m&amp#27;[1m│&amp#27;[0m View your Cucumber Report at:                                            &amp#27;[32m&amp#27;[1m│&amp#27;[0m
&amp#27;[32m&amp#27;[1m│&amp#27;[0m &amp#27;[1m&amp#27;[36m&amp#27;[4mhttps://reports.cucumber.io/reports/7deef95d-8dfd-4a80-893c-913c1fefc5f5&amp#27;[0m &amp#27;[32m&amp#27;[1m│&amp#27;[0m
&amp#27;[32m&amp#27;[1m│&amp#27;[0m                                                                          &amp#27;[32m&amp#27;[1m│&amp#27;[0m
&amp#27;[32m&amp#27;[1m│&amp#27;[0m &amp#27;[1mThis report will self-destruct in 24h.&amp#27;[0m                                   &amp#27;[32m&amp#27;[1m│&amp#27;[0m
&amp#27;[32m&amp#27;[1m│&amp#27;[0m Keep reports forever: &amp#27;[4m&amp#27;[1m&amp#27;[36mhttps://reports.cucumber.io/profile&amp#27;[0m                &amp#27;[32m&amp#27;[1m│&amp#27;[0m
&amp#27;[32m&amp#27;[1m└──────────────────────────────────────────────────────────────────────────┘&amp#27;[0mAug 14, 2023 4:11:48 PM org.openqa.selenium.remote.service.DriverService$Builder getLogOutput
INFO: Driver logs no longer sent to console by default; https://www.selenium.dev/documentation/webdriver/drivers/service/#setting-log-output
Aug 14, 2023 4:11:49 PM org.openqa.selenium.devtools.CdpVersionFinder findNearestMatch
WARNING: Unable to find an exact match for CDP version 115, so returning the closest version found: 114
]]></system-err>
  </testcase>
  <testcase name="runScenario[&quot;Create a new preInvoice&quot;, &quot;PreInvoice Test&quot;](2)" classname="org.example.Runner.PreInvoiceTestRunner" time="12.86">
    <system-out><![CDATA[
Scenario: Create a new preInvoice         &amp#27;[90m# src/test/resources/Features/PreInvoice.feature:10&amp#27;[0m
  &amp#27;[32mGiven &amp#27;[0m&amp#27;[32mlogin for creating new preInvoice&amp#27;[0m &amp#27;[90m# org.example.StepDefinitions.PreInvoice.login_for_creating_new_pre_invoice()&amp#27;[0m
  &amp#27;[32mAnd &amp#27;[0m&amp#27;[32mcreate new preInvoice&amp#27;[0m               &amp#27;[90m# org.example.StepDefinitions.PreInvoice.create_new_pre_invoice()&amp#27;[0m
  &amp#27;[32mThen &amp#27;[0m&amp#27;[32mclose the PreInvoice window&amp#27;[0m        &amp#27;[90m# org.example.StepDefinitions.PreInvoice.close_the_pre_invoice_window()&amp#27;[0m
]]></system-out>
    <system-err><![CDATA[Aug 14, 2023 4:12:00 PM org.openqa.selenium.remote.service.DriverService$Builder getLogOutput
INFO: Driver logs no longer sent to console by default; https://www.selenium.dev/documentation/webdriver/drivers/service/#setting-log-output
Aug 14, 2023 4:12:00 PM org.openqa.selenium.devtools.CdpVersionFinder findNearestMatch
WARNING: Unable to find an exact match for CDP version 115, so returning the closest version found: 114
]]></system-err>
  </testcase>
</testsuite>