<?xml version="1.0" encoding="UTF-8"?>
<!-- Generated by org.testng.reporters.JUnitReportReporter -->
<testsuite skipped="0" hostname="HO-IT-Fahim_D" name="org.example.Runner.GeoLocationMappingTestRunner" tests="3" failures="0" timestamp="2023-10-25T09:47:11 BDT" time="99.287" errors="1">
  <testcase name="runScenario" time="76.253" classname="org.example.Runner.GeoLocationMappingTestRunner"/>
  <testcase name="runScenario" time="4.578" classname="org.example.Runner.GeoLocationMappingTestRunner">
    <error type="io.cucumber.java.PendingException" message="TODO: implement me">
      <![CDATA[io.cucumber.java.PendingException: TODO: implement me
at org.example.StepDefinitions.GeoLocationMapping.in_create_new_order_copy_the_elements_of_order_location(GeoLocationMapping.java:186)
at ✽.in create new order, copy the elements of order location(file:///G:/Abul%20Hossain%20Chowdhury/Projects/Cucumber_For_AIR/src/test/resources/Features/GeoLocationMapping.feature:16)
]]>
    </error>
  </testcase> <!-- runScenario -->
  <testcase name="runScenario" time="18.456" classname="org.example.Runner.GeoLocationMappingTestRunner"/>
</testsuite> <!-- org.example.Runner.GeoLocationMappingTestRunner -->
